<?xml version="1.0" encoding="UTF-8"?>
<!-- Generated by org.testng.reporters.JUnitReportReporter -->
<testsuite hostname="LAPTOP-2JAIS1UQ" failures="0" tests="1" name="week8.day1.classroom.testcase.LoginTC" time="8.850" errors="0" timestamp="2023-09-09T21:07:06 IST" skipped="0">
  <testcase classname="week8.day1.classroom.testcase.LoginTC" name="runLogin" time="8.850"/>
  <system-out/>
</testsuite> <!-- week8.day1.classroom.testcase.LoginTC -->
