<?xml version="1.0" encoding="UTF-8"?>
<!-- Generated by org.testng.reporters.JUnitReportReporter -->
<testsuite hostname="LAPTOP-2JAIS1UQ" failures="0" tests="1" name="week7.day2.assignments.testcases.LoginTC" time="6.783" errors="0" timestamp="2023-09-07T22:13:29 IST" skipped="0">
  <testcase classname="week7.day2.assignments.testcases.LoginTC" name="runLogin" time="6.783"/>
  <system-out/>
</testsuite> <!-- week7.day2.assignments.testcases.LoginTC -->
