<?xml version="1.0" encoding="UTF-8"?>
<!-- Generated by org.testng.reporters.JUnitReportReporter -->
<testsuite hostname="LAPTOP-2JAIS1UQ" failures="0" tests="1" name="week8.day1.assignments.testcases.DeleteLeadTC" time="25.721" errors="0" timestamp="2023-09-10T00:17:41 IST" skipped="0">
  <testcase classname="week8.day1.assignments.testcases.DeleteLeadTC" name="runDeleteLead" time="25.721"/>
  <system-out/>
</testsuite> <!-- week8.day1.assignments.testcases.DeleteLeadTC -->
