<?xml version="1.0" encoding="UTF-8"?>
<!-- Generated by org.testng.reporters.JUnitReportReporter -->
<testsuite hostname="LAPTOP-2JAIS1UQ" failures="0" tests="1" name="week8.day1.classroom.testcase.CreateLeadTC" time="0.000" errors="0" timestamp="2023-09-09T11:41:35 IST" skipped="1">
  <testcase classname="week8.day1.classroom.testcase.CreateLeadTC" name="runCreateLead" time="0.000">
    <skipped/>
  </testcase> <!-- runCreateLead -->
  <system-out/>
</testsuite> <!-- week8.day1.classroom.testcase.CreateLeadTC -->
