<?xml version="1.0" encoding="UTF-8"?>
<!-- Generated by org.testng.reporters.JUnitReportReporter -->
<testsuite hostname="LAPTOP-2JAIS1UQ" failures="0" tests="1" name="week7.day2.assignments.testcases.DeleteLeadTC" time="10.354" errors="0" timestamp="2023-09-07T22:13:29 IST" skipped="0">
  <testcase classname="week7.day2.assignments.testcases.DeleteLeadTC" name="runDeleteLead" time="10.354"/>
  <system-out/>
</testsuite> <!-- week7.day2.assignments.testcases.DeleteLeadTC -->
