<?xml version="1.0" encoding="UTF-8"?>
<!-- Generated by org.testng.reporters.JUnitReportReporter -->
<testsuite hostname="LAPTOP-2JAIS1UQ" failures="0" tests="1" name="testcases.LoginTestCase" time="9.991" errors="0" timestamp="2023-09-03T12:58:06 IST" skipped="0">
  <testcase classname="testcases.LoginTestCase" name="run" time="9.991"/>
  <system-out/>
</testsuite> <!-- testcases.LoginTestCase -->
