<?xml version="1.0" encoding="UTF-8"?>
<!-- Generated by org.testng.reporters.JUnitReportReporter -->
<testsuite hostname="LAPTOP-2JAIS1UQ" failures="0" tests="2" name="week8.day1.assignments.testcases.EditLeadTC" time="46.907" errors="0" timestamp="2023-09-10T00:17:41 IST" skipped="0">
  <testcase classname="week8.day1.assignments.testcases.EditLeadTC" name="runEdit" time="21.414"/>
  <system-out/>
  <testcase classname="week8.day1.assignments.testcases.EditLeadTC" name="runEdit" time="25.493"/>
  <system-out/>
</testsuite> <!-- week8.day1.assignments.testcases.EditLeadTC -->
